<?xml version="1.0" encoding="utf-8"?><testsuites name="pytest tests"><testsuite name="pytest" errors="0" failures="0" skipped="0" tests="26" time="12.344" timestamp="2026-08-26T13:23:12.931827+00:00" hostname="agent-env-ce10ce4c-0c6e-4d9c-9784-403123be0874"><testcase classname="tests.test_neksathi_api" name="test_root_ok" time="0.185" /><testcase classname="tests.test_neksathi_api" name="test_auth_me" time="0.593" /><testcase classname="tests.test_neksathi_api" name="test_auth_login_bad_password" time="0.396" /><testcase classname="tests.test_neksathi_api" name="test_auth_me_requires_token" time="0.134" /><testcase classname="tests.test_neksathi_api" name="test_register_new_user" time="0.512" /><testcase classname="tests.test_neksathi_api" name="test_otp_request_and_verify" time="0.688" /><testcase classname="tests.test_neksathi_api" name="test_update_me" time="0.174" /><testcase classname="tests.test_neksathi_api" name="test_sos_flow" time="0.364" /><testcase classname="tests.test_neksathi_api" name="test_emergency_contacts_crud" time="0.734" /><testcase classname="tests.test_neksathi_api" name="test_safe_zones_crud" time="0.502" /><testcase classname="tests.test_neksathi_api" name="test_live_share_and_location" time="0.321" /><testcase classname="tests.test_neksathi_api" name="test_family_create_and_join" time="1.554" /><testcase classname="tests.test_neksathi_api" name="test_vehicle_update_and_lost" time="0.485" /><testcase classname="tests.test_neksathi_api" name="test_tag_update_and_lost" time="0.512" /><testcase classname="tests.test_neksathi_api" name="test_lists_include_created" time="0.707" /><testcase classname="tests.test_neksathi_api" name="test_public_qr_vehicle" time="0.166" /><testcase classname="tests.test_neksathi_api" name="test_public_qr_tag" time="0.177" /><testcase classname="tests.test_neksathi_api" name="test_public_card" time="0.165" /><testcase classname="tests.test_neksathi_api" name="test_public_qr_not_found" time="0.171" /><testcase classname="tests.test_neksathi_api" name="test_public_incident_and_alert_flow" time="0.803" /><testcase classname="tests.test_neksathi_api" name="test_device_register_and_reports" time="1.045" /><testcase classname="tests.test_neksathi_api" name="test_scan_page_vehicle" time="0.148" /><testcase classname="tests.test_neksathi_api" name="test_scan_page_tag" time="0.154" /><testcase classname="tests.test_neksathi_api" name="test_scan_page_card" time="0.337" /><testcase classname="tests.test_neksathi_api" name="test_scan_page_unknown_qrid_returns_html_not_json_404" time="0.177" /><testcase classname="tests.test_neksathi_api" name="test_scan_page_seeded_demo_vehicle" time="0.739" /></testsuite></testsuites>