<?xml version="1.0" encoding="utf-8"?><testsuites name="pytest tests"><testsuite name="pytest" errors="0" failures="0" skipped="0" tests="21" time="8.076" timestamp="2026-08-26T10:48:57.639487+00:00" hostname="agent-env-ce10ce4c-0c6e-4d9c-9784-403123be0874"><testcase classname="tests.test_neksathi_api" name="test_root_ok" time="0.207" /><testcase classname="tests.test_neksathi_api" name="test_auth_me" time="0.538" /><testcase classname="tests.test_neksathi_api" name="test_auth_login_bad_password" time="0.334" /><testcase classname="tests.test_neksathi_api" name="test_auth_me_requires_token" time="0.131" /><testcase classname="tests.test_neksathi_api" name="test_register_new_user" time="0.443" /><testcase classname="tests.test_neksathi_api" name="test_otp_request_and_verify" time="0.603" /><testcase classname="tests.test_neksathi_api" name="test_update_me" time="0.128" /><testcase classname="tests.test_neksathi_api" name="test_sos_flow" time="0.232" /><testcase classname="tests.test_neksathi_api" name="test_emergency_contacts_crud" time="0.462" /><testcase classname="tests.test_neksathi_api" name="test_safe_zones_crud" time="0.342" /><testcase classname="tests.test_neksathi_api" name="test_live_share_and_location" time="0.236" /><testcase classname="tests.test_neksathi_api" name="test_family_create_and_join" time="1.101" /><testcase classname="tests.test_neksathi_api" name="test_vehicle_update_and_lost" time="0.336" /><testcase classname="tests.test_neksathi_api" name="test_tag_update_and_lost" time="0.332" /><testcase classname="tests.test_neksathi_api" name="test_lists_include_created" time="0.476" /><testcase classname="tests.test_neksathi_api" name="test_public_qr_vehicle" time="0.124" /><testcase classname="tests.test_neksathi_api" name="test_public_qr_tag" time="0.122" /><testcase classname="tests.test_neksathi_api" name="test_public_card" time="0.100" /><testcase classname="tests.test_neksathi_api" name="test_public_qr_not_found" time="0.127" /><testcase classname="tests.test_neksathi_api" name="test_public_incident_and_alert_flow" time="0.599" /><testcase classname="tests.test_neksathi_api" name="test_device_register_and_reports" time="0.727" /></testsuite></testsuites>