<?xml version="1.0" encoding="utf-8"?><testsuites name="pytest tests"><testsuite name="pytest" errors="0" failures="0" skipped="0" tests="15" time="2.735" timestamp="2026-08-31T10:23:21.281498+00:00" hostname="agent-env-ce10ce4c-0c6e-4d9c-9784-403123be0874"><testcase classname="tests.test_neksathi_phases_1_4.TestPublicScan" name="test_vehicle_public_and_incident" time="0.937" /><testcase classname="tests.test_neksathi_phases_1_4.TestSmartQR" name="test_list_vehicles" time="0.743" /><testcase classname="tests.test_neksathi_phases_1_4.TestSmartQR" name="test_list_tags" time="0.068" /><testcase classname="tests.test_neksathi_phases_1_4.TestSmartQR" name="test_list_cards" time="0.064" /><testcase classname="tests.test_neksathi_phases_1_4.TestSmartQR" name="test_add_and_toggle_vehicle_lost" time="0.301" /><testcase classname="tests.test_neksathi_phases_1_4.TestPublicScan" name="test_tag_public_and_alert" time="0.380" /><testcase classname="tests.test_neksathi_phases_1_4.TestSmartQR" name="test_tag_lost_mode_contract" time="0.191" /><testcase classname="tests.test_neksathi_phases_1_4.TestPublicScan" name="test_card_public_and_message" time="0.536" /><testcase classname="tests.test_neksathi_phases_1_4.TestAuth" name="test_login_returns_token_and_user" time="0.135" /><testcase classname="tests.test_neksathi_phases_1_4.TestAuth" name="test_bad_password_rejected" time="0.336" /><testcase classname="tests.test_neksathi_phases_1_4.TestFamily" name="test_get_family_demo" time="0.062" /><testcase classname="tests.test_neksathi_phases_1_4.TestPublicScan" name="test_card_wrong_payload_422" time="0.245" /><testcase classname="tests.test_neksathi_phases_1_4.TestFamily" name="test_family_active_sos_shape" time="0.105" /><testcase classname="tests.test_neksathi_phases_1_4.TestSOS" name="test_trigger_ack_and_location" time="0.224" /><testcase classname="tests.test_neksathi_phases_1_4.TestSOS" name="test_list_sos_events" time="0.070" /></testsuite></testsuites>