<?xml version="1.0" encoding="utf-8"?><testsuites name="pytest tests"><testsuite name="pytest" errors="0" failures="1" skipped="0" tests="12" time="1.627" timestamp="2026-08-31T08:01:24.352815+00:00" hostname="agent-env-ce10ce4c-0c6e-4d9c-9784-403123be0874"><testcase classname="tests.test_neksathi_phase1.TestResolvers" name="test_resolve_vehicle" time="0.419" /><testcase classname="tests.test_neksathi_phase1.TestAuth" name="test_login_existing" time="0.404" /><testcase classname="tests.test_neksathi_phase1.TestAuth" name="test_me_unauth" time="0.047" /><testcase classname="tests.test_neksathi_phase1.TestResolvers" name="test_resolve_tag" time="0.059" /><testcase classname="tests.test_neksathi_phase1.TestResolvers" name="test_resolve_card" time="0.255" /><testcase classname="tests.test_neksathi_phase1.TestAuth" name="test_me_authed" time="0.319" /><testcase classname="tests.test_neksathi_phase1.TestResolvers" name="test_resolve_unknown_returns_404" time="0.057" /><testcase classname="tests.test_neksathi_phase1.TestAuth" name="test_register_new_gmail" time="0.278" /><testcase classname="tests.test_neksathi_phase1.TestPublicActions" name="test_vehicle_incident" time="0.331" /><testcase classname="tests.test_neksathi_phase1.TestAuth" name="test_register_rejects_test_domain" time="0.043" /><testcase classname="tests.test_neksathi_phase1.TestPublicActions" name="test_tag_alert" time="0.065" /><testcase classname="tests.test_neksathi_phase1.TestPublicActions" name="test_card_message" time="0.065"><failure message="AssertionError: {&quot;detail&quot;:[{&quot;type&quot;:&quot;missing&quot;,&quot;loc&quot;:[&quot;body&quot;,&quot;from_name&quot;],&quot;msg&quot;:&quot;Field required&quot;,&quot;input&quot;:{&quot;name&quot;:&quot;Auto Tester&quot;,&quot;phone&quot;:&quot;+919000000099&quot;,&quot;message&quot;:&quot;TEST_phase1_card_message&quot;},&quot;url&quot;:&quot;https://errors.pydantic.dev/2.13/v/missing&quot;},{&quot;type&quot;:&quot;missing&quot;,&quot;loc&quot;:[&quot;body&quot;,&quot;body&quot;],&quot;msg&quot;:&quot;Field required&quot;,&quot;input&quot;:{&quot;name&quot;:&quot;Auto Tester&quot;,&quot;phone&quot;:&quot;+919000000099&quot;,&quot;message&quot;:&quot;TEST_phase1_card_message&quot;},&quot;url&quot;:&quot;https://errors.pydantic.dev/2.13/v/missing&quot;}]}&#10;assert 422 in (200, 201)&#10; +  where 422 = &lt;Response [422]&gt;.status_code">backend/tests/test_neksathi_phase1.py:144: in test_card_message
    assert r.status_code in (200, 201), r.text
E   AssertionError: {"detail":[{"type":"missing","loc":["body","from_name"],"msg":"Field required","input":{"name":"Auto Tester","phone":"+919000000099","message":"TEST_phase1_card_message"},"url":"https://errors.pydantic.dev/2.13/v/missing"},{"type":"missing","loc":["body","body"],"msg":"Field required","input":{"name":"Auto Tester","phone":"+919000000099","message":"TEST_phase1_card_message"},"url":"https://errors.pydantic.dev/2.13/v/missing"}]}
E   assert 422 in (200, 201)
E    +  where 422 = &lt;Response [422]&gt;.status_code</failure></testcase></testsuite></testsuites>